<?xml version="1.0" encoding="UTF-8"?>
<!-- Generated by org.testng.reporters.JUnitReportReporter -->
<testsuite hostname="SUDHEER" failures="0" tests="1" name="Test.TestHome" time="0.294" errors="0" timestamp="2024-03-07T08:55:22 IST" skipped="0">
  <testcase classname="Test.TestHome" name="LogoTest" time="0.294"/>
</testsuite> <!-- Test.TestHome -->
