<?xml version="1.0" encoding="UTF-8"?>
<!-- Generated by org.testng.reporters.JUnitReportReporter -->
<testsuite hostname="SUDHEER" failures="0" tests="1" name="Test.JalaTestLogin" time="2.122" errors="0" timestamp="2024-03-07T08:58:26 IST" skipped="0">
  <testcase classname="Test.JalaTestLogin" name="loginTest" time="2.122"/>
</testsuite> <!-- Test.JalaTestLogin -->
