<?xml version="1.0" encoding="UTF-8"?>
<!-- Generated by org.testng.reporters.JUnitReportReporter -->
<testsuite hostname="SUDHEER" failures="0" tests="1" name="Test.ptaTestLogin" time="3.198" errors="0" timestamp="2024-03-07T09:04:00 IST" skipped="0">
  <testcase classname="Test.ptaTestLogin" name="loginTest" time="3.198"/>
</testsuite> <!-- Test.ptaTestLogin -->
